<?xml version="1.0" encoding="UTF-8"?>
<testng-results skipped="0" failed="0" ignored="0" total="1" passed="1">
  <reporter-output>
  </reporter-output>
  <suite name="Default suite" duration-ms="17361" started-at="2019-07-05T22:39:57Z" finished-at="2019-07-05T22:40:14Z">
    <groups>
    </groups>
    <test name="Default test" duration-ms="17361" started-at="2019-07-05T22:39:57Z" finished-at="2019-07-05T22:40:14Z">
      <class name="Adavance">
        <test-method status="PASS" signature="zebra()[pri:0, instance:Adavance@26b95b0b]" name="zebra" is-config="true" duration-ms="9709" started-at="2019-07-05T22:39:57Z" finished-at="2019-07-05T22:40:07Z">
          <reporter-output>
          </reporter-output>
        </test-method> <!-- zebra -->
        <test-method status="PASS" signature="f()[pri:0, instance:Adavance@26b95b0b]" name="f" duration-ms="7548" started-at="2019-07-05T22:40:07Z" finished-at="2019-07-05T22:40:14Z">
          <reporter-output>
          </reporter-output>
        </test-method> <!-- f -->
      </class> <!-- Adavance -->
    </test> <!-- Default test -->
  </suite> <!-- Default suite -->
</testng-results>
